<?xml version="1.0" encoding="UTF-8"?>
<testng-results skipped="0" failed="0" ignored="0" total="1" passed="1">
  <reporter-output>
  </reporter-output>
  <suite name="Suite" duration-ms="84" started-at="2020-07-02T21:57:25 IST" finished-at="2020-07-02T21:57:25 IST">
    <groups>
    </groups>
    <test name="Test" duration-ms="84" started-at="2020-07-02T21:57:25 IST" finished-at="2020-07-02T21:57:25 IST">
      <class name="SeleniumPractise.MavenJava.AppTest">
        <test-method status="PASS" signature="AppTest()[pri:0, instance:SeleniumPractise.MavenJava.AppTest@36b4cef0]" name="AppTest" duration-ms="14" started-at="2020-07-02T21:57:25 IST" finished-at="2020-07-02T21:57:25 IST">
          <reporter-output>
          </reporter-output>
        </test-method> <!-- AppTest -->
      </class> <!-- SeleniumPractise.MavenJava.AppTest -->
    </test> <!-- Test -->
  </suite> <!-- Suite -->
</testng-results>
